# JRE version: Java(TM) SE Runtime Environment (8.0_131-b11) (build 1.8.0_131-b11)
# Java VM: Java HotSpot(TM) 64-Bit Server VM (25.131-b11 mixed mode windows-amd64 compressed oops)
Heap:
 PSYoungGen      total 318976K, used 13100K [0x0000000780700000, 0x0000000796300000, 0x00000007c0000000)
  eden space 292352K, 4% used [0x0000000780700000,0x00000007813cb338,0x0000000792480000)
  from space 26624K, 0% used [0x0000000792480000,0x0000000792480000,0x0000000793e80000)
  to   space 23552K, 0% used [0x0000000793e80000,0x0000000793e80000,0x0000000795580000)
 ParOldGen       total 121344K, used 33422K [0x0000000701400000, 0x0000000708a80000, 0x0000000780700000)
  object space 121344K, 27% used [0x0000000701400000,0x00000007034a3858,0x0000000708a80000)
 Metaspace       used 59235K, capacity 60132K, committed 60288K, reserved 1103872K
  class space    used 7565K, capacity 7734K, committed 7808K, reserved 1048576K
GC Heap History (10 events):
Event: 32.314 GC heap before
{Heap before GC invocations=13 (full 2):
 PSYoungGen      total 245248K, used 244888K [0x0000000780700000, 0x0000000790c00000, 0x00000007c0000000)
  eden space 228352K, 100% used [0x0000000780700000,0x000000078e600000,0x000000078e600000)
  from space 16896K, 97% used [0x000000078fb80000,0x0000000790ba6088,0x0000000790c00000)
  to   space 18944K, 0% used [0x000000078e700000,0x000000078e700000,0x000000078f980000)
 ParOldGen       total 121344K, used 21723K [0x0000000701400000, 0x0000000708a80000, 0x0000000780700000)
  object space 121344K, 17% used [0x0000000701400000,0x0000000702936ec0,0x0000000708a80000)
 Metaspace       used 55776K, capacity 56562K, committed 56832K, reserved 1099776K
  class space    used 7146K, capacity 7330K, committed 7424K, reserved 1048576K
Event: 32.344 GC heap after
Heap after GC invocations=13 (full 2):
 PSYoungGen      total 248320K, used 18926K [0x0000000780700000, 0x0000000795580000, 0x00000007c0000000)
  eden space 229376K, 0% used [0x0000000780700000,0x0000000780700000,0x000000078e700000)
  from space 18944K, 99% used [0x000000078e700000,0x000000078f97b868,0x000000078f980000)
  to   space 23552K, 0% used [0x0000000793e80000,0x0000000793e80000,0x0000000795580000)
 ParOldGen       total 121344K, used 26714K [0x0000000701400000, 0x0000000708a80000, 0x0000000780700000)
  object space 121344K, 22% used [0x0000000701400000,0x0000000702e16a40,0x0000000708a80000)
 Metaspace       used 55776K, capacity 56562K, committed 56832K, reserved 1099776K
  class space    used 7146K, capacity 7330K, committed 7424K, reserved 1048576K
}
Event: 34.320 GC heap before
{Heap before GC invocations=14 (full 2):
 PSYoungGen      total 248320K, used 125893K [0x0000000780700000, 0x0000000795580000, 0x00000007c0000000)
  eden space 229376K, 46% used [0x0000000780700000,0x0000000786f75d30,0x000000078e700000)
  from space 18944K, 99% used [0x000000078e700000,0x000000078f97b868,0x000000078f980000)
  to   space 23552K, 0% used [0x0000000793e80000,0x0000000793e80000,0x0000000795580000)
 ParOldGen       total 121344K, used 26714K [0x0000000701400000, 0x0000000708a80000, 0x0000000780700000)
  object space 121344K, 22% used [0x0000000701400000,0x0000000702e16a40,0x0000000708a80000)
 Metaspace       used 58221K, capacity 59028K, committed 59136K, reserved 1101824K
  class space    used 7441K, capacity 7630K, committed 7680K, reserved 1048576K
Event: 34.353 GC heap after
Heap after GC invocations=14 (full 2):
 PSYoungGen      total 315904K, used 23370K [0x0000000780700000, 0x0000000796300000, 0x00000007c0000000)
  eden space 292352K, 0% used [0x0000000780700000,0x0000000780700000,0x0000000792480000)
  from space 23552K, 99% used [0x0000000793e80000,0x0000000795552bc8,0x0000000795580000)
  to   space 26624K, 0% used [0x0000000792480000,0x0000000792480000,0x0000000793e80000)
 ParOldGen       total 121344K, used 26714K [0x0000000701400000, 0x0000000708a80000, 0x0000000780700000)
  object space 121344K, 22% used [0x0000000701400000,0x0000000702e16a40,0x0000000708a80000)
 Metaspace       used 58221K, capacity 59028K, committed 59136K, reserved 1101824K
  class space    used 7441K, capacity 7630K, committed 7680K, reserved 1048576K
}
Event: 34.353 GC heap before
{Heap before GC invocations=15 (full 3):
 PSYoungGen      total 315904K, used 23370K [0x0000000780700000, 0x0000000796300000, 0x00000007c0000000)
  eden space 292352K, 0% used [0x0000000780700000,0x0000000780700000,0x0000000792480000)
  from space 23552K, 99% used [0x0000000793e80000,0x0000000795552bc8,0x0000000795580000)
  to   space 26624K, 0% used [0x0000000792480000,0x0000000792480000,0x0000000793e80000)
 ParOldGen       total 121344K, used 26714K [0x0000000701400000, 0x0000000708a80000, 0x0000000780700000)
  object space 121344K, 22% used [0x0000000701400000,0x0000000702e16a40,0x0000000708a80000)
 Metaspace       used 58221K, capacity 59028K, committed 59136K, reserved 1101824K
  class space    used 7441K, capacity 7630K, committed 7680K, reserved 1048576K
Event: 34.653 GC heap after
Heap after GC invocations=15 (full 3):
 PSYoungGen      total 315904K, used 0K [0x0000000780700000, 0x0000000796300000, 0x00000007c0000000)
  eden space 292352K, 0% used [0x0000000780700000,0x0000000780700000,0x0000000792480000)
  from space 23552K, 0% used [0x0000000793e80000,0x0000000793e80000,0x0000000795580000)
  to   space 26624K, 0% used [0x0000000792480000,0x0000000792480000,0x0000000793e80000)
 ParOldGen       total 121344K, used 41729K [0x0000000701400000, 0x0000000708a80000, 0x0000000780700000)
  object space 121344K, 34% used [0x0000000701400000,0x0000000703cc07c8,0x0000000708a80000)
 Metaspace       used 58221K, capacity 59028K, committed 59136K, reserved 1101824K
  class space    used 7441K, capacity 7630K, committed 7680K, reserved 1048576K
}
Event: 34.941 GC heap before
{Heap before GC invocations=16 (full 3):
 PSYoungGen      total 315904K, used 26735K [0x0000000780700000, 0x0000000796300000, 0x00000007c0000000)
  eden space 292352K, 9% used [0x0000000780700000,0x000000078211bcd8,0x0000000792480000)
  from space 23552K, 0% used [0x0000000793e80000,0x0000000793e80000,0x0000000795580000)
  to   space 26624K, 0% used [0x0000000792480000,0x0000000792480000,0x0000000793e80000)
 ParOldGen       total 121344K, used 41729K [0x0000000701400000, 0x0000000708a80000, 0x0000000780700000)
  object space 121344K, 34% used [0x0000000701400000,0x0000000703cc07c8,0x0000000708a80000)
 Metaspace       used 58992K, capacity 59876K, committed 60032K, reserved 1105920K
  class space    used 7544K, capacity 7734K, committed 7808K, reserved 1048576K
Event: 34.949 GC heap after
Heap after GC invocations=16 (full 3):
 PSYoungGen      total 318976K, used 1247K [0x0000000780700000, 0x0000000796300000, 0x00000007c0000000)
  eden space 292352K, 0% used [0x0000000780700000,0x0000000780700000,0x0000000792480000)
  from space 26624K, 4% used [0x0000000792480000,0x00000007925b7fe8,0x0000000793e80000)
  to   space 23552K, 0% used [0x0000000793e80000,0x0000000793e80000,0x0000000795580000)
 ParOldGen       total 121344K, used 41737K [0x0000000701400000, 0x0000000708a80000, 0x0000000780700000)
  object space 121344K, 34% used [0x0000000701400000,0x0000000703cc27c8,0x0000000708a80000)
 Metaspace       used 58992K, capacity 59876K, committed 60032K, reserved 1105920K
  class space    used 7544K, capacity 7734K, committed 7808K, reserved 1048576K
}
Event: 34.949 GC heap before
{Heap before GC invocations=17 (full 4):
 PSYoungGen      total 318976K, used 1247K [0x0000000780700000, 0x0000000796300000, 0x00000007c0000000)
  eden space 292352K, 0% used [0x0000000780700000,0x0000000780700000,0x0000000792480000)
  from space 26624K, 4% used [0x0000000792480000,0x00000007925b7fe8,0x0000000793e80000)
  to   space 23552K, 0% used [0x0000000793e80000,0x0000000793e80000,0x0000000795580000)
 ParOldGen       total 121344K, used 41737K [0x0000000701400000, 0x0000000708a80000, 0x0000000780700000)
  object space 121344K, 34% used [0x0000000701400000,0x0000000703cc27c8,0x0000000708a80000)
 Metaspace       used 58992K, capacity 59876K, committed 60032K, reserved 1105920K
  class space    used 7544K, capacity 7734K, committed 7808K, reserved 1048576K
Event: 35.058 GC heap after
Heap after GC invocations=17 (full 4):
 PSYoungGen      total 318976K, used 0K [0x0000000780700000, 0x0000000796300000, 0x00000007c0000000)
  eden space 292352K, 0% used [0x0000000780700000,0x0000000780700000,0x0000000792480000)
  from space 26624K, 0% used [0x0000000792480000,0x0000000792480000,0x0000000793e80000)
  to   space 23552K, 0% used [0x0000000793e80000,0x0000000793e80000,0x0000000795580000)
 ParOldGen       total 121344K, used 33422K [0x0000000701400000, 0x0000000708a80000, 0x0000000780700000)
  object space 121344K, 27% used [0x0000000701400000,0x00000007034a3858,0x0000000708a80000)
 Metaspace       used 58992K, capacity 59876K, committed 60032K, reserved 1103872K
  class space    used 7544K, capacity 7734K, committed 7808K, reserved 1048576K
}

